<?xml version="1.0" encoding="UTF-8" standalone="no"?>
<!DOCTYPE log SYSTEM "logger.dtd">
<log>
<record>
  <date>2024-08-16T06:49:28.484806400Z</date>
  <millis>1723790968484</millis>
  <nanos>806400</nanos>
  <sequence>0</sequence>
  <level>START</level>
  <class>com.kms.katalon.core.logging.XmlKeywordLogger</class>
  <method>startSuite</method>
  <thread>1</thread>
  <message>Start Test Suite : Test Suites/Customer IDV</message>
  <nestedLevel>0</nestedLevel>
  <escapedJava>false</escapedJava>
  <property name="rerunTestFailImmediately">true</property>
  <property name="retryCount">3</property>
  <property name="name">Customer IDV</property>
  <property name="description"></property>
  <property name="id">Test Suites/Customer IDV</property>
</record>
<record>
  <date>2024-08-16T06:49:28.503745800Z</date>
  <millis>1723790968503</millis>
  <nanos>745800</nanos>
  <sequence>1</sequence>
  <level>RUN_DATA</level>
  <class>com.kms.katalon.core.logging.XmlKeywordLogger</class>
  <method>logMessage</method>
  <thread>1</thread>
  <message>hostName = Zulaikha_118633 - 118633-001L-MY.adl.local</message>
  <nestedLevel>0</nestedLevel>
  <escapedJava>false</escapedJava>
  <property name="hostName">Zulaikha_118633 - 118633-001L-MY.adl.local</property>
</record>
<record>
  <date>2024-08-16T06:49:28.503745800Z</date>
  <millis>1723790968503</millis>
  <nanos>745800</nanos>
  <sequence>2</sequence>
  <level>RUN_DATA</level>
  <class>com.kms.katalon.core.logging.XmlKeywordLogger</class>
  <method>logMessage</method>
  <thread>1</thread>
  <message>os = Windows 10 64bit</message>
  <nestedLevel>0</nestedLevel>
  <escapedJava>false</escapedJava>
  <property name="os">Windows 10 64bit</property>
</record>
<record>
  <date>2024-08-16T06:49:28.504767300Z</date>
  <millis>1723790968504</millis>
  <nanos>767300</nanos>
  <sequence>3</sequence>
  <level>RUN_DATA</level>
  <class>com.kms.katalon.core.logging.XmlKeywordLogger</class>
  <method>logMessage</method>
  <thread>1</thread>
  <message>hostAddress = 172.20.10.3</message>
  <nestedLevel>0</nestedLevel>
  <escapedJava>false</escapedJava>
  <property name="hostAddress">172.20.10.3</property>
</record>
<record>
  <date>2024-08-16T06:49:28.504767300Z</date>
  <millis>1723790968504</millis>
  <nanos>767300</nanos>
  <sequence>4</sequence>
  <level>RUN_DATA</level>
  <class>com.kms.katalon.core.logging.XmlKeywordLogger</class>
  <method>logMessage</method>
  <thread>1</thread>
  <message>katalonVersion = 9.6.0.217</message>
  <nestedLevel>0</nestedLevel>
  <escapedJava>false</escapedJava>
  <property name="katalonVersion">9.6.0.217</property>
</record>
<record>
  <date>2024-08-16T06:49:28.729606900Z</date>
  <millis>1723790968729</millis>
  <nanos>606900</nanos>
  <sequence>5</sequence>
  <level>START</level>
  <class>com.kms.katalon.core.logging.XmlKeywordLogger</class>
  <method>startTest</method>
  <thread>1</thread>
  <message>Start Test Case : Test Cases/TC02_Customer_Idv</message>
  <nestedLevel>1</nestedLevel>
  <escapedJava>false</escapedJava>
  <property name="remainingRetryCount">3</property>
  <property name="name">Test Cases/TC02_Customer_Idv</property>
  <property name="description">Scenario 2 : Take NRIC from customer idv table that has done fully ekyc</property>
  <property name="iteration"></property>
  <property name="id">Test Cases/TC02_Customer_Idv</property>
  <property name="source">C:\Users\zulaikha_118633\git\EKYCFlow\Test Cases\TC02_Customer_Idv.tc</property>
  <property name="tag"></property>
  <property name="isOptional">false</property>
  <property name="currentRetryCount">0</property>
</record>
<record>
  <date>2024-08-16T06:49:28.956121300Z</date>
  <millis>1723790968956</millis>
  <nanos>121300</nanos>
  <sequence>7</sequence>
  <level>INFO</level>
  <class>com.kms.katalon.core.logging.XmlKeywordLogger</class>
  <method>logMessage</method>
  <thread>1</thread>
  <message>(Default) custreq_id = 1</message>
  <nestedLevel>1</nestedLevel>
  <escapedJava>false</escapedJava>
</record>
<record>
  <date>2024-08-16T06:49:28.959124700Z</date>
  <millis>1723790968959</millis>
  <nanos>124700</nanos>
  <sequence>8</sequence>
  <level>INFO</level>
  <class>com.kms.katalon.core.logging.XmlKeywordLogger</class>
  <method>logMessage</method>
  <thread>1</thread>
  <message>(Default) custloan_id = 1</message>
  <nestedLevel>1</nestedLevel>
  <escapedJava>false</escapedJava>
</record>
<record>
  <date>2024-08-16T06:49:28.960164100Z</date>
  <millis>1723790968960</millis>
  <nanos>164100</nanos>
  <sequence>9</sequence>
  <level>INFO</level>
  <class>com.kms.katalon.core.logging.XmlKeywordLogger</class>
  <method>logMessage</method>
  <thread>1</thread>
  <message>(Default) indreq_id = 1</message>
  <nestedLevel>1</nestedLevel>
  <escapedJava>false</escapedJava>
</record>
<record>
  <date>2024-08-16T06:49:28.961166100Z</date>
  <millis>1723790968961</millis>
  <nanos>166100</nanos>
  <sequence>10</sequence>
  <level>INFO</level>
  <class>com.kms.katalon.core.logging.XmlKeywordLogger</class>
  <method>logMessage</method>
  <thread>1</thread>
  <message>(Default) comreq_id = 1</message>
  <nestedLevel>1</nestedLevel>
  <escapedJava>false</escapedJava>
</record>
<record>
  <date>2024-08-16T06:49:28.962121800Z</date>
  <millis>1723790968962</millis>
  <nanos>121800</nanos>
  <sequence>11</sequence>
  <level>INFO</level>
  <class>com.kms.katalon.core.logging.XmlKeywordLogger</class>
  <method>logMessage</method>
  <thread>1</thread>
  <message>(Default) statreq_id = 1</message>
  <nestedLevel>1</nestedLevel>
  <escapedJava>false</escapedJava>
</record>
<record>
  <date>2024-08-16T06:49:28.962121800Z</date>
  <millis>1723790968962</millis>
  <nanos>121800</nanos>
  <sequence>12</sequence>
  <level>INFO</level>
  <class>com.kms.katalon.core.logging.XmlKeywordLogger</class>
  <method>logMessage</method>
  <thread>1</thread>
  <message>(Default) exreq_id = 1</message>
  <nestedLevel>1</nestedLevel>
  <escapedJava>false</escapedJava>
</record>
<record>
  <date>2024-08-16T06:49:28.963122500Z</date>
  <millis>1723790968963</millis>
  <nanos>122500</nanos>
  <sequence>13</sequence>
  <level>INFO</level>
  <class>com.kms.katalon.core.logging.XmlKeywordLogger</class>
  <method>logMessage</method>
  <thread>1</thread>
  <message>(Default) ekycreq_id = 1</message>
  <nestedLevel>1</nestedLevel>
  <escapedJava>false</escapedJava>
</record>
<record>
  <date>2024-08-16T06:49:28.964124900Z</date>
  <millis>1723790968964</millis>
  <nanos>124900</nanos>
  <sequence>14</sequence>
  <level>INFO</level>
  <class>com.kms.katalon.core.logging.XmlKeywordLogger</class>
  <method>logMessage</method>
  <thread>1</thread>
  <message>(Default) serreq_id = 1</message>
  <nestedLevel>1</nestedLevel>
  <escapedJava>false</escapedJava>
</record>
<record>
  <date>2024-08-16T06:49:28.964124900Z</date>
  <millis>1723790968964</millis>
  <nanos>124900</nanos>
  <sequence>15</sequence>
  <level>INFO</level>
  <class>com.kms.katalon.core.logging.XmlKeywordLogger</class>
  <method>logMessage</method>
  <thread>1</thread>
  <message>IDV_Nric = 621102030178</message>
  <nestedLevel>1</nestedLevel>
  <escapedJava>false</escapedJava>
</record>
<record>
  <date>2024-08-16T06:49:28.965164300Z</date>
  <millis>1723790968965</millis>
  <nanos>164300</nanos>
  <sequence>16</sequence>
  <level>INFO</level>
  <class>com.kms.katalon.core.logging.XmlKeywordLogger</class>
  <method>logMessage</method>
  <thread>1</thread>
  <message>(Default) loanreq_id = 1</message>
  <nestedLevel>1</nestedLevel>
  <escapedJava>false</escapedJava>
</record>
<record>
  <date>2024-08-16T06:49:28.966121100Z</date>
  <millis>1723790968966</millis>
  <nanos>121100</nanos>
  <sequence>17</sequence>
  <level>INFO</level>
  <class>com.kms.katalon.core.logging.XmlKeywordLogger</class>
  <method>logMessage</method>
  <thread>1</thread>
  <message>(Default) BRN = 1</message>
  <nestedLevel>1</nestedLevel>
  <escapedJava>false</escapedJava>
</record>
<record>
  <date>2024-08-16T06:49:28.967126800Z</date>
  <millis>1723790968967</millis>
  <nanos>126800</nanos>
  <sequence>18</sequence>
  <level>INFO</level>
  <class>com.kms.katalon.core.logging.XmlKeywordLogger</class>
  <method>logMessage</method>
  <thread>1</thread>
  <message>(Default) email = 1</message>
  <nestedLevel>1</nestedLevel>
  <escapedJava>false</escapedJava>
</record>
<record>
  <date>2024-08-16T06:49:29.013122300Z</date>
  <millis>1723790969013</millis>
  <nanos>122300</nanos>
  <sequence>19</sequence>
  <level>INFO</level>
  <class>com.kms.katalon.core.logging.XmlKeywordLogger</class>
  <method>logMessage</method>
  <thread>1</thread>
  <message>(Default) crreq_id = </message>
  <nestedLevel>1</nestedLevel>
  <escapedJava>false</escapedJava>
</record>
<record>
  <date>2024-08-16T06:49:30.367191200Z</date>
  <millis>1723790970367</millis>
  <nanos>191200</nanos>
  <sequence>20</sequence>
  <level>START</level>
  <class>com.kms.katalon.core.logging.XmlKeywordLogger</class>
  <method>startKeyword</method>
  <thread>1</thread>
  <message>Start action : println(&amp;quot;**************MEMBER ONBOARDINGG STARTED**************&amp;quot;)</message>
  <nestedLevel>1</nestedLevel>
  <escapedJava>false</escapedJava>
  <property name="startLine">24</property>
  <property name="stepIndex">1</property>
  <property name="description">Member Onboarding Status</property>
</record>
<record>
  <date>2024-08-16T06:49:30.379196700Z</date>
  <millis>1723790970379</millis>
  <nanos>196700</nanos>
  <sequence>21</sequence>
  <level>END</level>
  <class>com.kms.katalon.core.logging.XmlKeywordLogger</class>
  <method>endKeyword</method>
  <thread>1</thread>
  <message>End action : println(&amp;quot;**************MEMBER ONBOARDINGG STARTED**************&amp;quot;)</message>
  <nestedLevel>1</nestedLevel>
  <escapedJava>false</escapedJava>
</record>
<record>
  <date>2024-08-16T06:49:30.379196700Z</date>
  <millis>1723790970379</millis>
  <nanos>196700</nanos>
  <sequence>22</sequence>
  <level>START</level>
  <class>com.kms.katalon.core.logging.XmlKeywordLogger</class>
  <method>startKeyword</method>
  <thread>1</thread>
  <message>Start action : statreq_id = Math.floor(Math.random() * 9000000000) + 1000000000</message>
  <nestedLevel>1</nestedLevel>
  <escapedJava>false</escapedJava>
  <property name="startLine">25</property>
  <property name="stepIndex">2</property>
</record>
<record>
  <date>2024-08-16T06:49:30.496196800Z</date>
  <millis>1723790970496</millis>
  <nanos>196800</nanos>
  <sequence>23</sequence>
  <level>END</level>
  <class>com.kms.katalon.core.logging.XmlKeywordLogger</class>
  <method>endKeyword</method>
  <thread>1</thread>
  <message>End action : statreq_id = Math.floor(Math.random() * 9000000000) + 1000000000</message>
  <nestedLevel>1</nestedLevel>
  <escapedJava>false</escapedJava>
</record>
<record>
  <date>2024-08-16T06:49:30.497191500Z</date>
  <millis>1723790970497</millis>
  <nanos>191500</nanos>
  <sequence>24</sequence>
  <level>START</level>
  <class>com.kms.katalon.core.logging.XmlKeywordLogger</class>
  <method>startKeyword</method>
  <thread>1</thread>
  <message>Start action : custloan_id = Math.floor(Math.random() * 9000000000) + 1000000000</message>
  <nestedLevel>1</nestedLevel>
  <escapedJava>false</escapedJava>
  <property name="startLine">26</property>
  <property name="stepIndex">3</property>
</record>
<record>
  <date>2024-08-16T06:49:30.500194Z</date>
  <millis>1723790970500</millis>
  <nanos>194000</nanos>
  <sequence>25</sequence>
  <level>END</level>
  <class>com.kms.katalon.core.logging.XmlKeywordLogger</class>
  <method>endKeyword</method>
  <thread>1</thread>
  <message>End action : custloan_id = Math.floor(Math.random() * 9000000000) + 1000000000</message>
  <nestedLevel>1</nestedLevel>
  <escapedJava>false</escapedJava>
</record>
<record>
  <date>2024-08-16T06:49:30.500194Z</date>
  <millis>1723790970500</millis>
  <nanos>194000</nanos>
  <sequence>26</sequence>
  <level>START</level>
  <class>com.kms.katalon.core.logging.XmlKeywordLogger</class>
  <method>startKeyword</method>
  <thread>1</thread>
  <message>Start action : println(custloan_id)</message>
  <nestedLevel>1</nestedLevel>
  <escapedJava>false</escapedJava>
  <property name="startLine">27</property>
  <property name="stepIndex">4</property>
</record>
<record>
  <date>2024-08-16T06:49:30.505192500Z</date>
  <millis>1723790970505</millis>
  <nanos>192500</nanos>
  <sequence>27</sequence>
  <level>END</level>
  <class>com.kms.katalon.core.logging.XmlKeywordLogger</class>
  <method>endKeyword</method>
  <thread>1</thread>
  <message>End action : println(custloan_id)</message>
  <nestedLevel>1</nestedLevel>
  <escapedJava>false</escapedJava>
</record>
<record>
  <date>2024-08-16T06:49:30.506196100Z</date>
  <millis>1723790970506</millis>
  <nanos>196100</nanos>
  <sequence>28</sequence>
  <level>START</level>
  <class>com.kms.katalon.core.logging.XmlKeywordLogger</class>
  <method>startKeyword</method>
  <thread>1</thread>
  <message>Start action : response4 = sendRequest(findTestObject(&amp;quot;EKYC Flow/Member Onboarding Status&amp;quot;, [&amp;quot;stat_req_id&amp;quot;:statreq_id, &amp;quot;NRIC&amp;quot;:IDV_Nric]))</message>
  <nestedLevel>1</nestedLevel>
  <escapedJava>false</escapedJava>
  <property name="startLine">28</property>
  <property name="stepIndex">5</property>
</record>
<record>
  <date>2024-08-16T06:49:33.293555200Z</date>
  <millis>1723790973293</millis>
  <nanos>555200</nanos>
  <sequence>31</sequence>
  <level>INFO</level>
  <class>com.kms.katalon.core.logging.XmlKeywordLogger</class>
  <method>logMessage</method>
  <thread>1</thread>
  <message>HAR: C:\Users\zulaikha_118633\git\EKYCFlow\Reports\20240816_144924\Customer IDV\20240816_144924\requests\main\0.har</message>
  <nestedLevel>1</nestedLevel>
  <escapedJava>false</escapedJava>
  <property name="harId">2d9be245-5e4f-4ccf-b3e3-52a3a9eebc7e</property>
</record>
<record>
  <date>2024-08-16T06:49:33.394630100Z</date>
  <millis>1723790973394</millis>
  <nanos>630100</nanos>
  <sequence>32</sequence>
  <level>PASSED</level>
  <class>com.kms.katalon.core.logging.XmlKeywordLogger</class>
  <method>logMessage</method>
  <thread>1</thread>
  <message>Send request successfully</message>
  <nestedLevel>1</nestedLevel>
  <escapedJava>false</escapedJava>
  <property name="testops-method-name">com.kms.katalon.core.webservice.keyword.builtin.SendRequestKeyword.sendRequest</property>
  <property name="testops-execution-stacktrace"></property>
</record>
<record>
  <date>2024-08-16T06:49:33.396630500Z</date>
  <millis>1723790973396</millis>
  <nanos>630500</nanos>
  <sequence>33</sequence>
  <level>END</level>
  <class>com.kms.katalon.core.logging.XmlKeywordLogger</class>
  <method>endKeyword</method>
  <thread>1</thread>
  <message>End action : response4 = sendRequest(findTestObject(&amp;quot;EKYC Flow/Member Onboarding Status&amp;quot;, [&amp;quot;stat_req_id&amp;quot;:statreq_id, &amp;quot;NRIC&amp;quot;:IDV_Nric]))</message>
  <nestedLevel>1</nestedLevel>
  <escapedJava>false</escapedJava>
</record>
<record>
  <date>2024-08-16T06:49:33.396630500Z</date>
  <millis>1723790973396</millis>
  <nanos>630500</nanos>
  <sequence>34</sequence>
  <level>START</level>
  <class>com.kms.katalon.core.logging.XmlKeywordLogger</class>
  <method>startKeyword</method>
  <thread>1</thread>
  <message>Start action : println(response4.getResponseBodyContent())</message>
  <nestedLevel>1</nestedLevel>
  <escapedJava>false</escapedJava>
  <property name="startLine">29</property>
  <property name="stepIndex">6</property>
</record>
<record>
  <date>2024-08-16T06:49:33.407631200Z</date>
  <millis>1723790973407</millis>
  <nanos>631200</nanos>
  <sequence>35</sequence>
  <level>END</level>
  <class>com.kms.katalon.core.logging.XmlKeywordLogger</class>
  <method>endKeyword</method>
  <thread>1</thread>
  <message>End action : println(response4.getResponseBodyContent())</message>
  <nestedLevel>1</nestedLevel>
  <escapedJava>false</escapedJava>
</record>
<record>
  <date>2024-08-16T06:49:33.408636100Z</date>
  <millis>1723790973408</millis>
  <nanos>636100</nanos>
  <sequence>36</sequence>
  <level>START</level>
  <class>com.kms.katalon.core.logging.XmlKeywordLogger</class>
  <method>startKeyword</method>
  <thread>1</thread>
  <message>Start action : getStatusCode()).isEqualTo(200)</message>
  <nestedLevel>1</nestedLevel>
  <escapedJava>false</escapedJava>
  <property name="startLine">30</property>
  <property name="stepIndex">7</property>
</record>
<record>
  <date>2024-08-16T06:49:33.617630100Z</date>
  <millis>1723790973617</millis>
  <nanos>630100</nanos>
  <sequence>37</sequence>
  <level>END</level>
  <class>com.kms.katalon.core.logging.XmlKeywordLogger</class>
  <method>endKeyword</method>
  <thread>1</thread>
  <message>End action : getStatusCode()).isEqualTo(200)</message>
  <nestedLevel>1</nestedLevel>
  <escapedJava>false</escapedJava>
</record>
<record>
  <date>2024-08-16T06:49:33.617630100Z</date>
  <millis>1723790973617</millis>
  <nanos>630100</nanos>
  <sequence>38</sequence>
  <level>START</level>
  <class>com.kms.katalon.core.logging.XmlKeywordLogger</class>
  <method>startKeyword</method>
  <thread>1</thread>
  <message>Start action : println(verifyElementPropertyValue(response4, &amp;quot;exists&amp;quot;, &amp;quot;true&amp;quot;))</message>
  <nestedLevel>1</nestedLevel>
  <escapedJava>false</escapedJava>
  <property name="startLine">31</property>
  <property name="stepIndex">8</property>
</record>
<record>
  <date>2024-08-16T06:49:33.735148500Z</date>
  <millis>1723790973735</millis>
  <nanos>148500</nanos>
  <sequence>40</sequence>
  <level>PASSED</level>
  <class>com.kms.katalon.core.logging.XmlKeywordLogger</class>
  <method>logMessage</method>
  <thread>1</thread>
  <message>Verify element property value successfully</message>
  <nestedLevel>1</nestedLevel>
  <escapedJava>false</escapedJava>
  <property name="testops-is-assertion">true</property>
  <property name="testops-method-name">com.kms.katalon.core.webservice.keyword.builtin.VerifyElementPropertyValueKeyword.verifyElementPropertyValue</property>
  <property name="testops-execution-stacktrace"></property>
</record>
<record>
  <date>2024-08-16T06:49:33.737149700Z</date>
  <millis>1723790973737</millis>
  <nanos>149700</nanos>
  <sequence>41</sequence>
  <level>END</level>
  <class>com.kms.katalon.core.logging.XmlKeywordLogger</class>
  <method>endKeyword</method>
  <thread>1</thread>
  <message>End action : println(verifyElementPropertyValue(response4, &amp;quot;exists&amp;quot;, &amp;quot;true&amp;quot;))</message>
  <nestedLevel>1</nestedLevel>
  <escapedJava>false</escapedJava>
</record>
<record>
  <date>2024-08-16T06:49:33.737149700Z</date>
  <millis>1723790973737</millis>
  <nanos>149700</nanos>
  <sequence>42</sequence>
  <level>START</level>
  <class>com.kms.katalon.core.logging.XmlKeywordLogger</class>
  <method>startKeyword</method>
  <thread>1</thread>
  <message>Start action : println(&amp;quot;**************MEMBER ONBOARDINGG PASSED**************&amp;quot;)</message>
  <nestedLevel>1</nestedLevel>
  <escapedJava>false</escapedJava>
  <property name="startLine">32</property>
  <property name="stepIndex">9</property>
</record>
<record>
  <date>2024-08-16T06:49:33.740149800Z</date>
  <millis>1723790973740</millis>
  <nanos>149800</nanos>
  <sequence>43</sequence>
  <level>END</level>
  <class>com.kms.katalon.core.logging.XmlKeywordLogger</class>
  <method>endKeyword</method>
  <thread>1</thread>
  <message>End action : println(&amp;quot;**************MEMBER ONBOARDINGG PASSED**************&amp;quot;)</message>
  <nestedLevel>1</nestedLevel>
  <escapedJava>false</escapedJava>
</record>
<record>
  <date>2024-08-16T06:49:33.740149800Z</date>
  <millis>1723790973740</millis>
  <nanos>149800</nanos>
  <sequence>44</sequence>
  <level>START</level>
  <class>com.kms.katalon.core.logging.XmlKeywordLogger</class>
  <method>startKeyword</method>
  <thread>1</thread>
  <message>Start action : println(&amp;quot;**************MEMBER EXISTENCE STARTED**************&amp;quot;)</message>
  <nestedLevel>1</nestedLevel>
  <escapedJava>false</escapedJava>
  <property name="startLine">36</property>
  <property name="stepIndex">10</property>
  <property name="description">Member Existence Check</property>
</record>
<record>
  <date>2024-08-16T06:49:33.743151600Z</date>
  <millis>1723790973743</millis>
  <nanos>151600</nanos>
  <sequence>45</sequence>
  <level>END</level>
  <class>com.kms.katalon.core.logging.XmlKeywordLogger</class>
  <method>endKeyword</method>
  <thread>1</thread>
  <message>End action : println(&amp;quot;**************MEMBER EXISTENCE STARTED**************&amp;quot;)</message>
  <nestedLevel>1</nestedLevel>
  <escapedJava>false</escapedJava>
</record>
<record>
  <date>2024-08-16T06:49:33.743151600Z</date>
  <millis>1723790973743</millis>
  <nanos>151600</nanos>
  <sequence>46</sequence>
  <level>START</level>
  <class>com.kms.katalon.core.logging.XmlKeywordLogger</class>
  <method>startKeyword</method>
  <thread>1</thread>
  <message>Start action : exreq_id = Math.floor(Math.random() * 9000000000) + 1000000000</message>
  <nestedLevel>1</nestedLevel>
  <escapedJava>false</escapedJava>
  <property name="startLine">37</property>
  <property name="stepIndex">11</property>
</record>
<record>
  <date>2024-08-16T06:49:33.745149800Z</date>
  <millis>1723790973745</millis>
  <nanos>149800</nanos>
  <sequence>47</sequence>
  <level>END</level>
  <class>com.kms.katalon.core.logging.XmlKeywordLogger</class>
  <method>endKeyword</method>
  <thread>1</thread>
  <message>End action : exreq_id = Math.floor(Math.random() * 9000000000) + 1000000000</message>
  <nestedLevel>1</nestedLevel>
  <escapedJava>false</escapedJava>
</record>
<record>
  <date>2024-08-16T06:49:33.745149800Z</date>
  <millis>1723790973745</millis>
  <nanos>149800</nanos>
  <sequence>48</sequence>
  <level>START</level>
  <class>com.kms.katalon.core.logging.XmlKeywordLogger</class>
  <method>startKeyword</method>
  <thread>1</thread>
  <message>Start action : println(custloan_id)</message>
  <nestedLevel>1</nestedLevel>
  <escapedJava>false</escapedJava>
  <property name="startLine">38</property>
  <property name="stepIndex">12</property>
</record>
<record>
  <date>2024-08-16T06:49:33.747151300Z</date>
  <millis>1723790973747</millis>
  <nanos>151300</nanos>
  <sequence>49</sequence>
  <level>END</level>
  <class>com.kms.katalon.core.logging.XmlKeywordLogger</class>
  <method>endKeyword</method>
  <thread>1</thread>
  <message>End action : println(custloan_id)</message>
  <nestedLevel>1</nestedLevel>
  <escapedJava>false</escapedJava>
</record>
<record>
  <date>2024-08-16T06:49:33.747151300Z</date>
  <millis>1723790973747</millis>
  <nanos>151300</nanos>
  <sequence>50</sequence>
  <level>START</level>
  <class>com.kms.katalon.core.logging.XmlKeywordLogger</class>
  <method>startKeyword</method>
  <thread>1</thread>
  <message>Start action : response5 = sendRequest(findTestObject(&amp;quot;EKYC Flow/Member Existence Check&amp;quot;, [&amp;quot;ex_loan_id&amp;quot;:custloan_id, &amp;quot;ex_req_id&amp;quot;:exreq_id, &amp;quot;NRIC&amp;quot;:IDV_Nric]))</message>
  <nestedLevel>1</nestedLevel>
  <escapedJava>false</escapedJava>
  <property name="startLine">39</property>
  <property name="stepIndex">13</property>
</record>
<record>
  <date>2024-08-16T06:49:34.526889600Z</date>
  <millis>1723790974526</millis>
  <nanos>889600</nanos>
  <sequence>53</sequence>
  <level>INFO</level>
  <class>com.kms.katalon.core.logging.XmlKeywordLogger</class>
  <method>logMessage</method>
  <thread>1</thread>
  <message>HAR: C:\Users\zulaikha_118633\git\EKYCFlow\Reports\20240816_144924\Customer IDV\20240816_144924\requests\main\1.har</message>
  <nestedLevel>1</nestedLevel>
  <escapedJava>false</escapedJava>
  <property name="harId">65e6fa8d-597e-4e72-8199-1dcfbbe6a093</property>
</record>
<record>
  <date>2024-08-16T06:49:34.529884400Z</date>
  <millis>1723790974529</millis>
  <nanos>884400</nanos>
  <sequence>54</sequence>
  <level>PASSED</level>
  <class>com.kms.katalon.core.logging.XmlKeywordLogger</class>
  <method>logMessage</method>
  <thread>1</thread>
  <message>Send request successfully</message>
  <nestedLevel>1</nestedLevel>
  <escapedJava>false</escapedJava>
  <property name="testops-method-name">com.kms.katalon.core.webservice.keyword.builtin.SendRequestKeyword.sendRequest</property>
  <property name="testops-execution-stacktrace"></property>
</record>
<record>
  <date>2024-08-16T06:49:34.531888500Z</date>
  <millis>1723790974531</millis>
  <nanos>888500</nanos>
  <sequence>55</sequence>
  <level>END</level>
  <class>com.kms.katalon.core.logging.XmlKeywordLogger</class>
  <method>endKeyword</method>
  <thread>1</thread>
  <message>End action : response5 = sendRequest(findTestObject(&amp;quot;EKYC Flow/Member Existence Check&amp;quot;, [&amp;quot;ex_loan_id&amp;quot;:custloan_id, &amp;quot;ex_req_id&amp;quot;:exreq_id, &amp;quot;NRIC&amp;quot;:IDV_Nric]))</message>
  <nestedLevel>1</nestedLevel>
  <escapedJava>false</escapedJava>
</record>
<record>
  <date>2024-08-16T06:49:34.531888500Z</date>
  <millis>1723790974531</millis>
  <nanos>888500</nanos>
  <sequence>56</sequence>
  <level>START</level>
  <class>com.kms.katalon.core.logging.XmlKeywordLogger</class>
  <method>startKeyword</method>
  <thread>1</thread>
  <message>Start action : println(response5.getResponseBodyContent())</message>
  <nestedLevel>1</nestedLevel>
  <escapedJava>false</escapedJava>
  <property name="startLine">40</property>
  <property name="stepIndex">14</property>
</record>
<record>
  <date>2024-08-16T06:49:34.533885100Z</date>
  <millis>1723790974533</millis>
  <nanos>885100</nanos>
  <sequence>57</sequence>
  <level>END</level>
  <class>com.kms.katalon.core.logging.XmlKeywordLogger</class>
  <method>endKeyword</method>
  <thread>1</thread>
  <message>End action : println(response5.getResponseBodyContent())</message>
  <nestedLevel>1</nestedLevel>
  <escapedJava>false</escapedJava>
</record>
<record>
  <date>2024-08-16T06:49:34.533885100Z</date>
  <millis>1723790974533</millis>
  <nanos>885100</nanos>
  <sequence>58</sequence>
  <level>START</level>
  <class>com.kms.katalon.core.logging.XmlKeywordLogger</class>
  <method>startKeyword</method>
  <thread>1</thread>
  <message>Start action : getStatusCode()).isEqualTo(200)</message>
  <nestedLevel>1</nestedLevel>
  <escapedJava>false</escapedJava>
  <property name="startLine">41</property>
  <property name="stepIndex">15</property>
</record>
<record>
  <date>2024-08-16T06:49:34.535888700Z</date>
  <millis>1723790974535</millis>
  <nanos>888700</nanos>
  <sequence>59</sequence>
  <level>END</level>
  <class>com.kms.katalon.core.logging.XmlKeywordLogger</class>
  <method>endKeyword</method>
  <thread>1</thread>
  <message>End action : getStatusCode()).isEqualTo(200)</message>
  <nestedLevel>1</nestedLevel>
  <escapedJava>false</escapedJava>
</record>
<record>
  <date>2024-08-16T06:49:34.536888400Z</date>
  <millis>1723790974536</millis>
  <nanos>888400</nanos>
  <sequence>60</sequence>
  <level>START</level>
  <class>com.kms.katalon.core.logging.XmlKeywordLogger</class>
  <method>startKeyword</method>
  <thread>1</thread>
  <message>Start action : println(verifyElementPropertyValue(response5, &amp;quot;exists&amp;quot;, &amp;quot;true&amp;quot;))</message>
  <nestedLevel>1</nestedLevel>
  <escapedJava>false</escapedJava>
  <property name="startLine">42</property>
  <property name="stepIndex">16</property>
</record>
<record>
  <date>2024-08-16T06:49:34.592891200Z</date>
  <millis>1723790974592</millis>
  <nanos>891200</nanos>
  <sequence>62</sequence>
  <level>PASSED</level>
  <class>com.kms.katalon.core.logging.XmlKeywordLogger</class>
  <method>logMessage</method>
  <thread>1</thread>
  <message>Verify element property value successfully</message>
  <nestedLevel>1</nestedLevel>
  <escapedJava>false</escapedJava>
  <property name="testops-is-assertion">true</property>
  <property name="testops-method-name">com.kms.katalon.core.webservice.keyword.builtin.VerifyElementPropertyValueKeyword.verifyElementPropertyValue</property>
  <property name="testops-execution-stacktrace"></property>
</record>
<record>
  <date>2024-08-16T06:49:34.594887800Z</date>
  <millis>1723790974594</millis>
  <nanos>887800</nanos>
  <sequence>63</sequence>
  <level>END</level>
  <class>com.kms.katalon.core.logging.XmlKeywordLogger</class>
  <method>endKeyword</method>
  <thread>1</thread>
  <message>End action : println(verifyElementPropertyValue(response5, &amp;quot;exists&amp;quot;, &amp;quot;true&amp;quot;))</message>
  <nestedLevel>1</nestedLevel>
  <escapedJava>false</escapedJava>
</record>
<record>
  <date>2024-08-16T06:49:34.594887800Z</date>
  <millis>1723790974594</millis>
  <nanos>887800</nanos>
  <sequence>64</sequence>
  <level>START</level>
  <class>com.kms.katalon.core.logging.XmlKeywordLogger</class>
  <method>startKeyword</method>
  <thread>1</thread>
  <message>Start action : println(&amp;quot;**************MEMBER EXISTENCE PASSED**************&amp;quot;)</message>
  <nestedLevel>1</nestedLevel>
  <escapedJava>false</escapedJava>
  <property name="startLine">43</property>
  <property name="stepIndex">17</property>
</record>
<record>
  <date>2024-08-16T06:49:34.595885700Z</date>
  <millis>1723790974595</millis>
  <nanos>885700</nanos>
  <sequence>65</sequence>
  <level>END</level>
  <class>com.kms.katalon.core.logging.XmlKeywordLogger</class>
  <method>endKeyword</method>
  <thread>1</thread>
  <message>End action : println(&amp;quot;**************MEMBER EXISTENCE PASSED**************&amp;quot;)</message>
  <nestedLevel>1</nestedLevel>
  <escapedJava>false</escapedJava>
</record>
<record>
  <date>2024-08-16T06:49:34.595885700Z</date>
  <millis>1723790974595</millis>
  <nanos>885700</nanos>
  <sequence>66</sequence>
  <level>START</level>
  <class>com.kms.katalon.core.logging.XmlKeywordLogger</class>
  <method>startKeyword</method>
  <thread>1</thread>
  <message>Start action : println(&amp;quot;**************CUSTOMER RISK RATING STARTED**************&amp;quot;)</message>
  <nestedLevel>1</nestedLevel>
  <escapedJava>false</escapedJava>
  <property name="startLine">46</property>
  <property name="stepIndex">18</property>
  <property name="description">Customer Risk Rating</property>
</record>
<record>
  <date>2024-08-16T06:49:34.597887800Z</date>
  <millis>1723790974597</millis>
  <nanos>887800</nanos>
  <sequence>67</sequence>
  <level>END</level>
  <class>com.kms.katalon.core.logging.XmlKeywordLogger</class>
  <method>endKeyword</method>
  <thread>1</thread>
  <message>End action : println(&amp;quot;**************CUSTOMER RISK RATING STARTED**************&amp;quot;)</message>
  <nestedLevel>1</nestedLevel>
  <escapedJava>false</escapedJava>
</record>
<record>
  <date>2024-08-16T06:49:34.597887800Z</date>
  <millis>1723790974597</millis>
  <nanos>887800</nanos>
  <sequence>68</sequence>
  <level>START</level>
  <class>com.kms.katalon.core.logging.XmlKeywordLogger</class>
  <method>startKeyword</method>
  <thread>1</thread>
  <message>Start action : custreq_id = Math.floor(Math.random() * 9000000000) + 1000000000</message>
  <nestedLevel>1</nestedLevel>
  <escapedJava>false</escapedJava>
  <property name="startLine">47</property>
  <property name="stepIndex">19</property>
</record>
<record>
  <date>2024-08-16T06:49:34.599890200Z</date>
  <millis>1723790974599</millis>
  <nanos>890200</nanos>
  <sequence>69</sequence>
  <level>END</level>
  <class>com.kms.katalon.core.logging.XmlKeywordLogger</class>
  <method>endKeyword</method>
  <thread>1</thread>
  <message>End action : custreq_id = Math.floor(Math.random() * 9000000000) + 1000000000</message>
  <nestedLevel>1</nestedLevel>
  <escapedJava>false</escapedJava>
</record>
<record>
  <date>2024-08-16T06:49:34.600890Z</date>
  <millis>1723790974600</millis>
  <nanos>890000</nanos>
  <sequence>70</sequence>
  <level>START</level>
  <class>com.kms.katalon.core.logging.XmlKeywordLogger</class>
  <method>startKeyword</method>
  <thread>1</thread>
  <message>Start action : println(custloan_id)</message>
  <nestedLevel>1</nestedLevel>
  <escapedJava>false</escapedJava>
  <property name="startLine">48</property>
  <property name="stepIndex">20</property>
</record>
<record>
  <date>2024-08-16T06:49:34.601885300Z</date>
  <millis>1723790974601</millis>
  <nanos>885300</nanos>
  <sequence>71</sequence>
  <level>END</level>
  <class>com.kms.katalon.core.logging.XmlKeywordLogger</class>
  <method>endKeyword</method>
  <thread>1</thread>
  <message>End action : println(custloan_id)</message>
  <nestedLevel>1</nestedLevel>
  <escapedJava>false</escapedJava>
</record>
<record>
  <date>2024-08-16T06:49:34.602889100Z</date>
  <millis>1723790974602</millis>
  <nanos>889100</nanos>
  <sequence>72</sequence>
  <level>START</level>
  <class>com.kms.katalon.core.logging.XmlKeywordLogger</class>
  <method>startKeyword</method>
  <thread>1</thread>
  <message>Start action : response1 = sendRequest(findTestObject(&amp;quot;EKYC Flow/Customer Risk Rating&amp;quot;, [&amp;quot;cust_req_id&amp;quot;:custreq_id, &amp;quot;cust_loan_id&amp;quot;:custloan_id, &amp;quot;NRIC&amp;quot;:IDV_Nric]))</message>
  <nestedLevel>1</nestedLevel>
  <escapedJava>false</escapedJava>
  <property name="startLine">49</property>
  <property name="stepIndex">21</property>
</record>
<record>
  <date>2024-08-16T06:49:36.137223400Z</date>
  <millis>1723790976137</millis>
  <nanos>223400</nanos>
  <sequence>75</sequence>
  <level>INFO</level>
  <class>com.kms.katalon.core.logging.XmlKeywordLogger</class>
  <method>logMessage</method>
  <thread>1</thread>
  <message>HAR: C:\Users\zulaikha_118633\git\EKYCFlow\Reports\20240816_144924\Customer IDV\20240816_144924\requests\main\2.har</message>
  <nestedLevel>1</nestedLevel>
  <escapedJava>false</escapedJava>
  <property name="harId">4207bf64-d86b-4f1e-ae7b-1abdafefc313</property>
</record>
<record>
  <date>2024-08-16T06:49:36.140196200Z</date>
  <millis>1723790976140</millis>
  <nanos>196200</nanos>
  <sequence>76</sequence>
  <level>PASSED</level>
  <class>com.kms.katalon.core.logging.XmlKeywordLogger</class>
  <method>logMessage</method>
  <thread>1</thread>
  <message>Send request successfully</message>
  <nestedLevel>1</nestedLevel>
  <escapedJava>false</escapedJava>
  <property name="testops-method-name">com.kms.katalon.core.webservice.keyword.builtin.SendRequestKeyword.sendRequest</property>
  <property name="testops-execution-stacktrace"></property>
</record>
<record>
  <date>2024-08-16T06:49:36.141158100Z</date>
  <millis>1723790976141</millis>
  <nanos>158100</nanos>
  <sequence>77</sequence>
  <level>END</level>
  <class>com.kms.katalon.core.logging.XmlKeywordLogger</class>
  <method>endKeyword</method>
  <thread>1</thread>
  <message>End action : response1 = sendRequest(findTestObject(&amp;quot;EKYC Flow/Customer Risk Rating&amp;quot;, [&amp;quot;cust_req_id&amp;quot;:custreq_id, &amp;quot;cust_loan_id&amp;quot;:custloan_id, &amp;quot;NRIC&amp;quot;:IDV_Nric]))</message>
  <nestedLevel>1</nestedLevel>
  <escapedJava>false</escapedJava>
</record>
<record>
  <date>2024-08-16T06:49:36.142212700Z</date>
  <millis>1723790976142</millis>
  <nanos>212700</nanos>
  <sequence>78</sequence>
  <level>START</level>
  <class>com.kms.katalon.core.logging.XmlKeywordLogger</class>
  <method>startKeyword</method>
  <thread>1</thread>
  <message>Start action : println(response1.getResponseBodyContent())</message>
  <nestedLevel>1</nestedLevel>
  <escapedJava>false</escapedJava>
  <property name="startLine">50</property>
  <property name="stepIndex">22</property>
</record>
<record>
  <date>2024-08-16T06:49:36.144155100Z</date>
  <millis>1723790976144</millis>
  <nanos>155100</nanos>
  <sequence>79</sequence>
  <level>END</level>
  <class>com.kms.katalon.core.logging.XmlKeywordLogger</class>
  <method>endKeyword</method>
  <thread>1</thread>
  <message>End action : println(response1.getResponseBodyContent())</message>
  <nestedLevel>1</nestedLevel>
  <escapedJava>false</escapedJava>
</record>
<record>
  <date>2024-08-16T06:49:36.144155100Z</date>
  <millis>1723790976144</millis>
  <nanos>155100</nanos>
  <sequence>80</sequence>
  <level>START</level>
  <class>com.kms.katalon.core.logging.XmlKeywordLogger</class>
  <method>startKeyword</method>
  <thread>1</thread>
  <message>Start action : getStatusCode()).isEqualTo(200)</message>
  <nestedLevel>1</nestedLevel>
  <escapedJava>false</escapedJava>
  <property name="startLine">51</property>
  <property name="stepIndex">23</property>
</record>
<record>
  <date>2024-08-16T06:49:36.144155100Z</date>
  <millis>1723790976144</millis>
  <nanos>155100</nanos>
  <sequence>81</sequence>
  <level>END</level>
  <class>com.kms.katalon.core.logging.XmlKeywordLogger</class>
  <method>endKeyword</method>
  <thread>1</thread>
  <message>End action : getStatusCode()).isEqualTo(200)</message>
  <nestedLevel>1</nestedLevel>
  <escapedJava>false</escapedJava>
</record>
<record>
  <date>2024-08-16T06:49:36.145291600Z</date>
  <millis>1723790976145</millis>
  <nanos>291600</nanos>
  <sequence>82</sequence>
  <level>START</level>
  <class>com.kms.katalon.core.logging.XmlKeywordLogger</class>
  <method>startKeyword</method>
  <thread>1</thread>
  <message>Start action : println(verifyElementPropertyValue(response1, &amp;quot;evaluationStatus&amp;quot;, &amp;quot;Approve&amp;quot;))</message>
  <nestedLevel>1</nestedLevel>
  <escapedJava>false</escapedJava>
  <property name="startLine">52</property>
  <property name="stepIndex">24</property>
</record>
<record>
  <date>2024-08-16T06:49:36.193191400Z</date>
  <millis>1723790976193</millis>
  <nanos>191400</nanos>
  <sequence>84</sequence>
  <level>PASSED</level>
  <class>com.kms.katalon.core.logging.XmlKeywordLogger</class>
  <method>logMessage</method>
  <thread>1</thread>
  <message>Verify element property value successfully</message>
  <nestedLevel>1</nestedLevel>
  <escapedJava>false</escapedJava>
  <property name="testops-is-assertion">true</property>
  <property name="testops-method-name">com.kms.katalon.core.webservice.keyword.builtin.VerifyElementPropertyValueKeyword.verifyElementPropertyValue</property>
  <property name="testops-execution-stacktrace"></property>
</record>
<record>
  <date>2024-08-16T06:49:36.195196800Z</date>
  <millis>1723790976195</millis>
  <nanos>196800</nanos>
  <sequence>85</sequence>
  <level>END</level>
  <class>com.kms.katalon.core.logging.XmlKeywordLogger</class>
  <method>endKeyword</method>
  <thread>1</thread>
  <message>End action : println(verifyElementPropertyValue(response1, &amp;quot;evaluationStatus&amp;quot;, &amp;quot;Approve&amp;quot;))</message>
  <nestedLevel>1</nestedLevel>
  <escapedJava>false</escapedJava>
</record>
<record>
  <date>2024-08-16T06:49:36.195196800Z</date>
  <millis>1723790976195</millis>
  <nanos>196800</nanos>
  <sequence>86</sequence>
  <level>START</level>
  <class>com.kms.katalon.core.logging.XmlKeywordLogger</class>
  <method>startKeyword</method>
  <thread>1</thread>
  <message>Start action : println(&amp;quot;**************CUSTOMER RISK RATING PASSED**************&amp;quot;)</message>
  <nestedLevel>1</nestedLevel>
  <escapedJava>false</escapedJava>
  <property name="startLine">53</property>
  <property name="stepIndex">25</property>
</record>
<record>
  <date>2024-08-16T06:49:36.196155Z</date>
  <millis>1723790976196</millis>
  <nanos>155000</nanos>
  <sequence>87</sequence>
  <level>END</level>
  <class>com.kms.katalon.core.logging.XmlKeywordLogger</class>
  <method>endKeyword</method>
  <thread>1</thread>
  <message>End action : println(&amp;quot;**************CUSTOMER RISK RATING PASSED**************&amp;quot;)</message>
  <nestedLevel>1</nestedLevel>
  <escapedJava>false</escapedJava>
</record>
<record>
  <date>2024-08-16T06:49:36.196155Z</date>
  <millis>1723790976196</millis>
  <nanos>155000</nanos>
  <sequence>88</sequence>
  <level>START</level>
  <class>com.kms.katalon.core.logging.XmlKeywordLogger</class>
  <method>startKeyword</method>
  <thread>1</thread>
  <message>Start action : println(&amp;quot;**************INDUSTRY RISK RATING STARTED**************&amp;quot;)</message>
  <nestedLevel>1</nestedLevel>
  <escapedJava>false</escapedJava>
  <property name="startLine">57</property>
  <property name="stepIndex">26</property>
  <property name="description">Industry Risk Rating</property>
</record>
<record>
  <date>2024-08-16T06:49:36.197211700Z</date>
  <millis>1723790976197</millis>
  <nanos>211700</nanos>
  <sequence>89</sequence>
  <level>END</level>
  <class>com.kms.katalon.core.logging.XmlKeywordLogger</class>
  <method>endKeyword</method>
  <thread>1</thread>
  <message>End action : println(&amp;quot;**************INDUSTRY RISK RATING STARTED**************&amp;quot;)</message>
  <nestedLevel>1</nestedLevel>
  <escapedJava>false</escapedJava>
</record>
<record>
  <date>2024-08-16T06:49:36.197211700Z</date>
  <millis>1723790976197</millis>
  <nanos>211700</nanos>
  <sequence>90</sequence>
  <level>START</level>
  <class>com.kms.katalon.core.logging.XmlKeywordLogger</class>
  <method>startKeyword</method>
  <thread>1</thread>
  <message>Start action : indreq_id = Math.floor(Math.random() * 9000000000) + 1000000000</message>
  <nestedLevel>1</nestedLevel>
  <escapedJava>false</escapedJava>
  <property name="startLine">58</property>
  <property name="stepIndex">27</property>
</record>
<record>
  <date>2024-08-16T06:49:36.198214200Z</date>
  <millis>1723790976198</millis>
  <nanos>214200</nanos>
  <sequence>91</sequence>
  <level>END</level>
  <class>com.kms.katalon.core.logging.XmlKeywordLogger</class>
  <method>endKeyword</method>
  <thread>1</thread>
  <message>End action : indreq_id = Math.floor(Math.random() * 9000000000) + 1000000000</message>
  <nestedLevel>1</nestedLevel>
  <escapedJava>false</escapedJava>
</record>
<record>
  <date>2024-08-16T06:49:36.198214200Z</date>
  <millis>1723790976198</millis>
  <nanos>214200</nanos>
  <sequence>92</sequence>
  <level>START</level>
  <class>com.kms.katalon.core.logging.XmlKeywordLogger</class>
  <method>startKeyword</method>
  <thread>1</thread>
  <message>Start action : response2 = sendRequest(findTestObject(&amp;quot;EKYC Flow/Industry Risk Rating&amp;quot;, [&amp;quot;ind_loan_id&amp;quot;:custloan_id, &amp;quot;ind_req_id&amp;quot;:indreq_id, &amp;quot;NRIC&amp;quot;:IDV_Nric]))</message>
  <nestedLevel>1</nestedLevel>
  <escapedJava>false</escapedJava>
  <property name="startLine">59</property>
  <property name="stepIndex">28</property>
</record>
<record>
  <date>2024-08-16T06:49:37.084021900Z</date>
  <millis>1723790977084</millis>
  <nanos>21900</nanos>
  <sequence>95</sequence>
  <level>INFO</level>
  <class>com.kms.katalon.core.logging.XmlKeywordLogger</class>
  <method>logMessage</method>
  <thread>1</thread>
  <message>HAR: C:\Users\zulaikha_118633\git\EKYCFlow\Reports\20240816_144924\Customer IDV\20240816_144924\requests\main\3.har</message>
  <nestedLevel>1</nestedLevel>
  <escapedJava>false</escapedJava>
  <property name="harId">bd8a928d-3afe-4d93-88f6-8e0ac849775a</property>
</record>
<record>
  <date>2024-08-16T06:49:37.085026600Z</date>
  <millis>1723790977085</millis>
  <nanos>26600</nanos>
  <sequence>96</sequence>
  <level>PASSED</level>
  <class>com.kms.katalon.core.logging.XmlKeywordLogger</class>
  <method>logMessage</method>
  <thread>1</thread>
  <message>Send request successfully</message>
  <nestedLevel>1</nestedLevel>
  <escapedJava>false</escapedJava>
  <property name="testops-method-name">com.kms.katalon.core.webservice.keyword.builtin.SendRequestKeyword.sendRequest</property>
  <property name="testops-execution-stacktrace"></property>
</record>
<record>
  <date>2024-08-16T06:49:37.086020100Z</date>
  <millis>1723790977086</millis>
  <nanos>20100</nanos>
  <sequence>97</sequence>
  <level>END</level>
  <class>com.kms.katalon.core.logging.XmlKeywordLogger</class>
  <method>endKeyword</method>
  <thread>1</thread>
  <message>End action : response2 = sendRequest(findTestObject(&amp;quot;EKYC Flow/Industry Risk Rating&amp;quot;, [&amp;quot;ind_loan_id&amp;quot;:custloan_id, &amp;quot;ind_req_id&amp;quot;:indreq_id, &amp;quot;NRIC&amp;quot;:IDV_Nric]))</message>
  <nestedLevel>1</nestedLevel>
  <escapedJava>false</escapedJava>
</record>
<record>
  <date>2024-08-16T06:49:37.086020100Z</date>
  <millis>1723790977086</millis>
  <nanos>20100</nanos>
  <sequence>98</sequence>
  <level>START</level>
  <class>com.kms.katalon.core.logging.XmlKeywordLogger</class>
  <method>startKeyword</method>
  <thread>1</thread>
  <message>Start action : println(response2.getResponseBodyContent())</message>
  <nestedLevel>1</nestedLevel>
  <escapedJava>false</escapedJava>
  <property name="startLine">60</property>
  <property name="stepIndex">29</property>
</record>
<record>
  <date>2024-08-16T06:49:37.088022900Z</date>
  <millis>1723790977088</millis>
  <nanos>22900</nanos>
  <sequence>99</sequence>
  <level>END</level>
  <class>com.kms.katalon.core.logging.XmlKeywordLogger</class>
  <method>endKeyword</method>
  <thread>1</thread>
  <message>End action : println(response2.getResponseBodyContent())</message>
  <nestedLevel>1</nestedLevel>
  <escapedJava>false</escapedJava>
</record>
<record>
  <date>2024-08-16T06:49:37.088022900Z</date>
  <millis>1723790977088</millis>
  <nanos>22900</nanos>
  <sequence>100</sequence>
  <level>START</level>
  <class>com.kms.katalon.core.logging.XmlKeywordLogger</class>
  <method>startKeyword</method>
  <thread>1</thread>
  <message>Start action : getStatusCode()).isEqualTo(200)</message>
  <nestedLevel>1</nestedLevel>
  <escapedJava>false</escapedJava>
  <property name="startLine">61</property>
  <property name="stepIndex">30</property>
</record>
<record>
  <date>2024-08-16T06:49:37.090020700Z</date>
  <millis>1723790977090</millis>
  <nanos>20700</nanos>
  <sequence>101</sequence>
  <level>END</level>
  <class>com.kms.katalon.core.logging.XmlKeywordLogger</class>
  <method>endKeyword</method>
  <thread>1</thread>
  <message>End action : getStatusCode()).isEqualTo(200)</message>
  <nestedLevel>1</nestedLevel>
  <escapedJava>false</escapedJava>
</record>
<record>
  <date>2024-08-16T06:49:37.090020700Z</date>
  <millis>1723790977090</millis>
  <nanos>20700</nanos>
  <sequence>102</sequence>
  <level>START</level>
  <class>com.kms.katalon.core.logging.XmlKeywordLogger</class>
  <method>startKeyword</method>
  <thread>1</thread>
  <message>Start action : println(verifyElementPropertyValue(response2, &amp;quot;riskAssessmentType&amp;quot;, &amp;quot;PROHIBITED_INDUSTRY&amp;quot;))</message>
  <nestedLevel>1</nestedLevel>
  <escapedJava>false</escapedJava>
  <property name="startLine">62</property>
  <property name="stepIndex">31</property>
</record>
<record>
  <date>2024-08-16T06:49:37.128025900Z</date>
  <millis>1723790977128</millis>
  <nanos>25900</nanos>
  <sequence>104</sequence>
  <level>PASSED</level>
  <class>com.kms.katalon.core.logging.XmlKeywordLogger</class>
  <method>logMessage</method>
  <thread>1</thread>
  <message>Verify element property value successfully</message>
  <nestedLevel>1</nestedLevel>
  <escapedJava>false</escapedJava>
  <property name="testops-is-assertion">true</property>
  <property name="testops-method-name">com.kms.katalon.core.webservice.keyword.builtin.VerifyElementPropertyValueKeyword.verifyElementPropertyValue</property>
  <property name="testops-execution-stacktrace"></property>
</record>
<record>
  <date>2024-08-16T06:49:37.129101300Z</date>
  <millis>1723790977129</millis>
  <nanos>101300</nanos>
  <sequence>105</sequence>
  <level>END</level>
  <class>com.kms.katalon.core.logging.XmlKeywordLogger</class>
  <method>endKeyword</method>
  <thread>1</thread>
  <message>End action : println(verifyElementPropertyValue(response2, &amp;quot;riskAssessmentType&amp;quot;, &amp;quot;PROHIBITED_INDUSTRY&amp;quot;))</message>
  <nestedLevel>1</nestedLevel>
  <escapedJava>false</escapedJava>
</record>
<record>
  <date>2024-08-16T06:49:37.130021100Z</date>
  <millis>1723790977130</millis>
  <nanos>21100</nanos>
  <sequence>106</sequence>
  <level>START</level>
  <class>com.kms.katalon.core.logging.XmlKeywordLogger</class>
  <method>startKeyword</method>
  <thread>1</thread>
  <message>Start action : println(verifyElementPropertyValue(response2, &amp;quot;evaluationStatus&amp;quot;, &amp;quot;Reject&amp;quot;))</message>
  <nestedLevel>1</nestedLevel>
  <escapedJava>false</escapedJava>
  <property name="startLine">63</property>
  <property name="stepIndex">32</property>
</record>
<record>
  <date>2024-08-16T06:49:37.169048500Z</date>
  <millis>1723790977169</millis>
  <nanos>48500</nanos>
  <sequence>108</sequence>
  <level>PASSED</level>
  <class>com.kms.katalon.core.logging.XmlKeywordLogger</class>
  <method>logMessage</method>
  <thread>1</thread>
  <message>Verify element property value successfully</message>
  <nestedLevel>1</nestedLevel>
  <escapedJava>false</escapedJava>
  <property name="testops-is-assertion">true</property>
  <property name="testops-method-name">com.kms.katalon.core.webservice.keyword.builtin.VerifyElementPropertyValueKeyword.verifyElementPropertyValue</property>
  <property name="testops-execution-stacktrace"></property>
</record>
<record>
  <date>2024-08-16T06:49:37.170077500Z</date>
  <millis>1723790977170</millis>
  <nanos>77500</nanos>
  <sequence>109</sequence>
  <level>END</level>
  <class>com.kms.katalon.core.logging.XmlKeywordLogger</class>
  <method>endKeyword</method>
  <thread>1</thread>
  <message>End action : println(verifyElementPropertyValue(response2, &amp;quot;evaluationStatus&amp;quot;, &amp;quot;Reject&amp;quot;))</message>
  <nestedLevel>1</nestedLevel>
  <escapedJava>false</escapedJava>
</record>
<record>
  <date>2024-08-16T06:49:37.171026Z</date>
  <millis>1723790977171</millis>
  <nanos>26000</nanos>
  <sequence>110</sequence>
  <level>START</level>
  <class>com.kms.katalon.core.logging.XmlKeywordLogger</class>
  <method>startKeyword</method>
  <thread>1</thread>
  <message>Start action : println(&amp;quot;**************INDUSTRY RISK RATING PASSED**************&amp;quot;)</message>
  <nestedLevel>1</nestedLevel>
  <escapedJava>false</escapedJava>
  <property name="startLine">64</property>
  <property name="stepIndex">33</property>
</record>
<record>
  <date>2024-08-16T06:49:37.172020100Z</date>
  <millis>1723790977172</millis>
  <nanos>20100</nanos>
  <sequence>111</sequence>
  <level>END</level>
  <class>com.kms.katalon.core.logging.XmlKeywordLogger</class>
  <method>endKeyword</method>
  <thread>1</thread>
  <message>End action : println(&amp;quot;**************INDUSTRY RISK RATING PASSED**************&amp;quot;)</message>
  <nestedLevel>1</nestedLevel>
  <escapedJava>false</escapedJava>
</record>
<record>
  <date>2024-08-16T06:49:37.172020100Z</date>
  <millis>1723790977172</millis>
  <nanos>20100</nanos>
  <sequence>112</sequence>
  <level>START</level>
  <class>com.kms.katalon.core.logging.XmlKeywordLogger</class>
  <method>startKeyword</method>
  <thread>1</thread>
  <message>Start action : println(&amp;quot;**************COMPANY RISK RATING STARTED**************&amp;quot;)</message>
  <nestedLevel>1</nestedLevel>
  <escapedJava>false</escapedJava>
  <property name="startLine">68</property>
  <property name="stepIndex">34</property>
  <property name="description">Company Risk Rating</property>
</record>
<record>
  <date>2024-08-16T06:49:37.174024100Z</date>
  <millis>1723790977174</millis>
  <nanos>24100</nanos>
  <sequence>113</sequence>
  <level>END</level>
  <class>com.kms.katalon.core.logging.XmlKeywordLogger</class>
  <method>endKeyword</method>
  <thread>1</thread>
  <message>End action : println(&amp;quot;**************COMPANY RISK RATING STARTED**************&amp;quot;)</message>
  <nestedLevel>1</nestedLevel>
  <escapedJava>false</escapedJava>
</record>
<record>
  <date>2024-08-16T06:49:37.174024100Z</date>
  <millis>1723790977174</millis>
  <nanos>24100</nanos>
  <sequence>114</sequence>
  <level>START</level>
  <class>com.kms.katalon.core.logging.XmlKeywordLogger</class>
  <method>startKeyword</method>
  <thread>1</thread>
  <message>Start action : comreq_id = Math.floor(Math.random() * 9000000000) + 1000000000</message>
  <nestedLevel>1</nestedLevel>
  <escapedJava>false</escapedJava>
  <property name="startLine">69</property>
  <property name="stepIndex">35</property>
</record>
<record>
  <date>2024-08-16T06:49:37.176024900Z</date>
  <millis>1723790977176</millis>
  <nanos>24900</nanos>
  <sequence>115</sequence>
  <level>END</level>
  <class>com.kms.katalon.core.logging.XmlKeywordLogger</class>
  <method>endKeyword</method>
  <thread>1</thread>
  <message>End action : comreq_id = Math.floor(Math.random() * 9000000000) + 1000000000</message>
  <nestedLevel>1</nestedLevel>
  <escapedJava>false</escapedJava>
</record>
<record>
  <date>2024-08-16T06:49:37.176024900Z</date>
  <millis>1723790977176</millis>
  <nanos>24900</nanos>
  <sequence>116</sequence>
  <level>START</level>
  <class>com.kms.katalon.core.logging.XmlKeywordLogger</class>
  <method>startKeyword</method>
  <thread>1</thread>
  <message>Start action : response3 = sendRequest(findTestObject(&amp;quot;EKYC Flow/Company Risk Rating&amp;quot;, [&amp;quot;com_loan_id&amp;quot;:custloan_id, &amp;quot;com_req_id&amp;quot;:comreq_id, &amp;quot;NRIC&amp;quot;:IDV_Nric]))</message>
  <nestedLevel>1</nestedLevel>
  <escapedJava>false</escapedJava>
  <property name="startLine">70</property>
  <property name="stepIndex">36</property>
</record>
<record>
  <date>2024-08-16T06:49:37.768961800Z</date>
  <millis>1723790977768</millis>
  <nanos>961800</nanos>
  <sequence>119</sequence>
  <level>INFO</level>
  <class>com.kms.katalon.core.logging.XmlKeywordLogger</class>
  <method>logMessage</method>
  <thread>1</thread>
  <message>HAR: C:\Users\zulaikha_118633\git\EKYCFlow\Reports\20240816_144924\Customer IDV\20240816_144924\requests\main\4.har</message>
  <nestedLevel>1</nestedLevel>
  <escapedJava>false</escapedJava>
  <property name="harId">dd53d613-31d9-4f3f-bdac-ce1a9e1b4923</property>
</record>
<record>
  <date>2024-08-16T06:49:37.769965500Z</date>
  <millis>1723790977769</millis>
  <nanos>965500</nanos>
  <sequence>120</sequence>
  <level>PASSED</level>
  <class>com.kms.katalon.core.logging.XmlKeywordLogger</class>
  <method>logMessage</method>
  <thread>1</thread>
  <message>Send request successfully</message>
  <nestedLevel>1</nestedLevel>
  <escapedJava>false</escapedJava>
  <property name="testops-method-name">com.kms.katalon.core.webservice.keyword.builtin.SendRequestKeyword.sendRequest</property>
  <property name="testops-execution-stacktrace"></property>
</record>
<record>
  <date>2024-08-16T06:49:37.771962800Z</date>
  <millis>1723790977771</millis>
  <nanos>962800</nanos>
  <sequence>121</sequence>
  <level>END</level>
  <class>com.kms.katalon.core.logging.XmlKeywordLogger</class>
  <method>endKeyword</method>
  <thread>1</thread>
  <message>End action : response3 = sendRequest(findTestObject(&amp;quot;EKYC Flow/Company Risk Rating&amp;quot;, [&amp;quot;com_loan_id&amp;quot;:custloan_id, &amp;quot;com_req_id&amp;quot;:comreq_id, &amp;quot;NRIC&amp;quot;:IDV_Nric]))</message>
  <nestedLevel>1</nestedLevel>
  <escapedJava>false</escapedJava>
</record>
<record>
  <date>2024-08-16T06:49:37.771962800Z</date>
  <millis>1723790977771</millis>
  <nanos>962800</nanos>
  <sequence>122</sequence>
  <level>START</level>
  <class>com.kms.katalon.core.logging.XmlKeywordLogger</class>
  <method>startKeyword</method>
  <thread>1</thread>
  <message>Start action : println(response3.getResponseBodyContent())</message>
  <nestedLevel>1</nestedLevel>
  <escapedJava>false</escapedJava>
  <property name="startLine">71</property>
  <property name="stepIndex">37</property>
</record>
<record>
  <date>2024-08-16T06:49:37.772962200Z</date>
  <millis>1723790977772</millis>
  <nanos>962200</nanos>
  <sequence>123</sequence>
  <level>END</level>
  <class>com.kms.katalon.core.logging.XmlKeywordLogger</class>
  <method>endKeyword</method>
  <thread>1</thread>
  <message>End action : println(response3.getResponseBodyContent())</message>
  <nestedLevel>1</nestedLevel>
  <escapedJava>false</escapedJava>
</record>
<record>
  <date>2024-08-16T06:49:37.772962200Z</date>
  <millis>1723790977772</millis>
  <nanos>962200</nanos>
  <sequence>124</sequence>
  <level>START</level>
  <class>com.kms.katalon.core.logging.XmlKeywordLogger</class>
  <method>startKeyword</method>
  <thread>1</thread>
  <message>Start action : getStatusCode()).isEqualTo(200)</message>
  <nestedLevel>1</nestedLevel>
  <escapedJava>false</escapedJava>
  <property name="startLine">72</property>
  <property name="stepIndex">38</property>
</record>
<record>
  <date>2024-08-16T06:49:37.774967200Z</date>
  <millis>1723790977774</millis>
  <nanos>967200</nanos>
  <sequence>125</sequence>
  <level>END</level>
  <class>com.kms.katalon.core.logging.XmlKeywordLogger</class>
  <method>endKeyword</method>
  <thread>1</thread>
  <message>End action : getStatusCode()).isEqualTo(200)</message>
  <nestedLevel>1</nestedLevel>
  <escapedJava>false</escapedJava>
</record>
<record>
  <date>2024-08-16T06:49:37.774967200Z</date>
  <millis>1723790977774</millis>
  <nanos>967200</nanos>
  <sequence>126</sequence>
  <level>START</level>
  <class>com.kms.katalon.core.logging.XmlKeywordLogger</class>
  <method>startKeyword</method>
  <thread>1</thread>
  <message>Start action : println(verifyElementPropertyValue(response3, &amp;quot;riskAssessmentType&amp;quot;, &amp;quot;COMPANY_RISK&amp;quot;))</message>
  <nestedLevel>1</nestedLevel>
  <escapedJava>false</escapedJava>
  <property name="startLine">73</property>
  <property name="stepIndex">39</property>
</record>
<record>
  <date>2024-08-16T06:49:37.814962700Z</date>
  <millis>1723790977814</millis>
  <nanos>962700</nanos>
  <sequence>128</sequence>
  <level>PASSED</level>
  <class>com.kms.katalon.core.logging.XmlKeywordLogger</class>
  <method>logMessage</method>
  <thread>1</thread>
  <message>Verify element property value successfully</message>
  <nestedLevel>1</nestedLevel>
  <escapedJava>false</escapedJava>
  <property name="testops-is-assertion">true</property>
  <property name="testops-method-name">com.kms.katalon.core.webservice.keyword.builtin.VerifyElementPropertyValueKeyword.verifyElementPropertyValue</property>
  <property name="testops-execution-stacktrace"></property>
</record>
<record>
  <date>2024-08-16T06:49:37.815963200Z</date>
  <millis>1723790977815</millis>
  <nanos>963200</nanos>
  <sequence>129</sequence>
  <level>END</level>
  <class>com.kms.katalon.core.logging.XmlKeywordLogger</class>
  <method>endKeyword</method>
  <thread>1</thread>
  <message>End action : println(verifyElementPropertyValue(response3, &amp;quot;riskAssessmentType&amp;quot;, &amp;quot;COMPANY_RISK&amp;quot;))</message>
  <nestedLevel>1</nestedLevel>
  <escapedJava>false</escapedJava>
</record>
<record>
  <date>2024-08-16T06:49:37.816963500Z</date>
  <millis>1723790977816</millis>
  <nanos>963500</nanos>
  <sequence>130</sequence>
  <level>START</level>
  <class>com.kms.katalon.core.logging.XmlKeywordLogger</class>
  <method>startKeyword</method>
  <thread>1</thread>
  <message>Start action : println(verifyElementPropertyValue(response3, &amp;quot;evaluationStatus&amp;quot;, &amp;quot;Reject&amp;quot;))</message>
  <nestedLevel>1</nestedLevel>
  <escapedJava>false</escapedJava>
  <property name="startLine">74</property>
  <property name="stepIndex">40</property>
</record>
<record>
  <date>2024-08-16T06:49:37.851965100Z</date>
  <millis>1723790977851</millis>
  <nanos>965100</nanos>
  <sequence>132</sequence>
  <level>PASSED</level>
  <class>com.kms.katalon.core.logging.XmlKeywordLogger</class>
  <method>logMessage</method>
  <thread>1</thread>
  <message>Verify element property value successfully</message>
  <nestedLevel>1</nestedLevel>
  <escapedJava>false</escapedJava>
  <property name="testops-is-assertion">true</property>
  <property name="testops-method-name">com.kms.katalon.core.webservice.keyword.builtin.VerifyElementPropertyValueKeyword.verifyElementPropertyValue</property>
  <property name="testops-execution-stacktrace"></property>
</record>
<record>
  <date>2024-08-16T06:49:37.853966100Z</date>
  <millis>1723790977853</millis>
  <nanos>966100</nanos>
  <sequence>133</sequence>
  <level>END</level>
  <class>com.kms.katalon.core.logging.XmlKeywordLogger</class>
  <method>endKeyword</method>
  <thread>1</thread>
  <message>End action : println(verifyElementPropertyValue(response3, &amp;quot;evaluationStatus&amp;quot;, &amp;quot;Reject&amp;quot;))</message>
  <nestedLevel>1</nestedLevel>
  <escapedJava>false</escapedJava>
</record>
<record>
  <date>2024-08-16T06:49:37.853966100Z</date>
  <millis>1723790977853</millis>
  <nanos>966100</nanos>
  <sequence>134</sequence>
  <level>START</level>
  <class>com.kms.katalon.core.logging.XmlKeywordLogger</class>
  <method>startKeyword</method>
  <thread>1</thread>
  <message>Start action : println(&amp;quot;**************COMPANY RISK RATING PASSED**************&amp;quot;)</message>
  <nestedLevel>1</nestedLevel>
  <escapedJava>false</escapedJava>
  <property name="startLine">75</property>
  <property name="stepIndex">41</property>
</record>
<record>
  <date>2024-08-16T06:49:37.854962700Z</date>
  <millis>1723790977854</millis>
  <nanos>962700</nanos>
  <sequence>135</sequence>
  <level>END</level>
  <class>com.kms.katalon.core.logging.XmlKeywordLogger</class>
  <method>endKeyword</method>
  <thread>1</thread>
  <message>End action : println(&amp;quot;**************COMPANY RISK RATING PASSED**************&amp;quot;)</message>
  <nestedLevel>1</nestedLevel>
  <escapedJava>false</escapedJava>
</record>
<record>
  <date>2024-08-16T06:49:37.854962700Z</date>
  <millis>1723790977854</millis>
  <nanos>962700</nanos>
  <sequence>136</sequence>
  <level>START</level>
  <class>com.kms.katalon.core.logging.XmlKeywordLogger</class>
  <method>startKeyword</method>
  <thread>1</thread>
  <message>Start action : println(&amp;quot;**************FULLY EKYC STARTED**************&amp;quot;)</message>
  <nestedLevel>1</nestedLevel>
  <escapedJava>false</escapedJava>
  <property name="startLine">78</property>
  <property name="stepIndex">42</property>
  <property name="description">Fully EKYC</property>
</record>
<record>
  <date>2024-08-16T06:49:37.855962400Z</date>
  <millis>1723790977855</millis>
  <nanos>962400</nanos>
  <sequence>137</sequence>
  <level>END</level>
  <class>com.kms.katalon.core.logging.XmlKeywordLogger</class>
  <method>endKeyword</method>
  <thread>1</thread>
  <message>End action : println(&amp;quot;**************FULLY EKYC STARTED**************&amp;quot;)</message>
  <nestedLevel>1</nestedLevel>
  <escapedJava>false</escapedJava>
</record>
<record>
  <date>2024-08-16T06:49:37.855962400Z</date>
  <millis>1723790977855</millis>
  <nanos>962400</nanos>
  <sequence>138</sequence>
  <level>START</level>
  <class>com.kms.katalon.core.logging.XmlKeywordLogger</class>
  <method>startKeyword</method>
  <thread>1</thread>
  <message>Start action : ekycreq_id = Math.floor(Math.random() * 9000000000) + 1000000000</message>
  <nestedLevel>1</nestedLevel>
  <escapedJava>false</escapedJava>
  <property name="startLine">79</property>
  <property name="stepIndex">43</property>
</record>
<record>
  <date>2024-08-16T06:49:37.861963800Z</date>
  <millis>1723790977861</millis>
  <nanos>963800</nanos>
  <sequence>139</sequence>
  <level>END</level>
  <class>com.kms.katalon.core.logging.XmlKeywordLogger</class>
  <method>endKeyword</method>
  <thread>1</thread>
  <message>End action : ekycreq_id = Math.floor(Math.random() * 9000000000) + 1000000000</message>
  <nestedLevel>1</nestedLevel>
  <escapedJava>false</escapedJava>
</record>
<record>
  <date>2024-08-16T06:49:37.861963800Z</date>
  <millis>1723790977861</millis>
  <nanos>963800</nanos>
  <sequence>140</sequence>
  <level>START</level>
  <class>com.kms.katalon.core.logging.XmlKeywordLogger</class>
  <method>startKeyword</method>
  <thread>1</thread>
  <message>Start action : response6 = sendRequest(findTestObject(&amp;quot;EKYC Flow/Fully EKYC&amp;quot;, [&amp;quot;ekyc_loan_id&amp;quot;:custloan_id, &amp;quot;ekyc_req_id&amp;quot;:ekycreq_id, &amp;quot;NRIC&amp;quot;:IDV_Nric]))</message>
  <nestedLevel>1</nestedLevel>
  <escapedJava>false</escapedJava>
  <property name="startLine">80</property>
  <property name="stepIndex">44</property>
</record>
<record>
  <date>2024-08-16T06:49:38.263912500Z</date>
  <millis>1723790978263</millis>
  <nanos>912500</nanos>
  <sequence>143</sequence>
  <level>INFO</level>
  <class>com.kms.katalon.core.logging.XmlKeywordLogger</class>
  <method>logMessage</method>
  <thread>1</thread>
  <message>HAR: C:\Users\zulaikha_118633\git\EKYCFlow\Reports\20240816_144924\Customer IDV\20240816_144924\requests\main\5.har</message>
  <nestedLevel>1</nestedLevel>
  <escapedJava>false</escapedJava>
  <property name="harId">de8727f6-3272-4154-9a59-553b202af7b3</property>
</record>
<record>
  <date>2024-08-16T06:49:38.268911500Z</date>
  <millis>1723790978268</millis>
  <nanos>911500</nanos>
  <sequence>144</sequence>
  <level>PASSED</level>
  <class>com.kms.katalon.core.logging.XmlKeywordLogger</class>
  <method>logMessage</method>
  <thread>1</thread>
  <message>Send request successfully</message>
  <nestedLevel>1</nestedLevel>
  <escapedJava>false</escapedJava>
  <property name="testops-method-name">com.kms.katalon.core.webservice.keyword.builtin.SendRequestKeyword.sendRequest</property>
  <property name="testops-execution-stacktrace"></property>
</record>
<record>
  <date>2024-08-16T06:49:38.269911100Z</date>
  <millis>1723790978269</millis>
  <nanos>911100</nanos>
  <sequence>145</sequence>
  <level>END</level>
  <class>com.kms.katalon.core.logging.XmlKeywordLogger</class>
  <method>endKeyword</method>
  <thread>1</thread>
  <message>End action : response6 = sendRequest(findTestObject(&amp;quot;EKYC Flow/Fully EKYC&amp;quot;, [&amp;quot;ekyc_loan_id&amp;quot;:custloan_id, &amp;quot;ekyc_req_id&amp;quot;:ekycreq_id, &amp;quot;NRIC&amp;quot;:IDV_Nric]))</message>
  <nestedLevel>1</nestedLevel>
  <escapedJava>false</escapedJava>
</record>
<record>
  <date>2024-08-16T06:49:38.270912200Z</date>
  <millis>1723790978270</millis>
  <nanos>912200</nanos>
  <sequence>146</sequence>
  <level>START</level>
  <class>com.kms.katalon.core.logging.XmlKeywordLogger</class>
  <method>startKeyword</method>
  <thread>1</thread>
  <message>Start action : println(response6.getResponseBodyContent())</message>
  <nestedLevel>1</nestedLevel>
  <escapedJava>false</escapedJava>
  <property name="startLine">81</property>
  <property name="stepIndex">45</property>
</record>
<record>
  <date>2024-08-16T06:49:38.271910600Z</date>
  <millis>1723790978271</millis>
  <nanos>910600</nanos>
  <sequence>147</sequence>
  <level>END</level>
  <class>com.kms.katalon.core.logging.XmlKeywordLogger</class>
  <method>endKeyword</method>
  <thread>1</thread>
  <message>End action : println(response6.getResponseBodyContent())</message>
  <nestedLevel>1</nestedLevel>
  <escapedJava>false</escapedJava>
</record>
<record>
  <date>2024-08-16T06:49:38.272951600Z</date>
  <millis>1723790978272</millis>
  <nanos>951600</nanos>
  <sequence>148</sequence>
  <level>START</level>
  <class>com.kms.katalon.core.logging.XmlKeywordLogger</class>
  <method>startKeyword</method>
  <thread>1</thread>
  <message>Start action : getStatusCode()).isEqualTo(200)</message>
  <nestedLevel>1</nestedLevel>
  <escapedJava>false</escapedJava>
  <property name="startLine">82</property>
  <property name="stepIndex">46</property>
</record>
<record>
  <date>2024-08-16T06:49:38.272951600Z</date>
  <millis>1723790978272</millis>
  <nanos>951600</nanos>
  <sequence>149</sequence>
  <level>END</level>
  <class>com.kms.katalon.core.logging.XmlKeywordLogger</class>
  <method>endKeyword</method>
  <thread>1</thread>
  <message>End action : getStatusCode()).isEqualTo(200)</message>
  <nestedLevel>1</nestedLevel>
  <escapedJava>false</escapedJava>
</record>
<record>
  <date>2024-08-16T06:49:38.272951600Z</date>
  <millis>1723790978272</millis>
  <nanos>951600</nanos>
  <sequence>150</sequence>
  <level>START</level>
  <class>com.kms.katalon.core.logging.XmlKeywordLogger</class>
  <method>startKeyword</method>
  <thread>1</thread>
  <message>Start action : web = getElementPropertyValue(response6, &amp;quot;webUrl&amp;quot;)</message>
  <nestedLevel>1</nestedLevel>
  <escapedJava>false</escapedJava>
  <property name="startLine">83</property>
  <property name="stepIndex">47</property>
</record>
<record>
  <date>2024-08-16T06:49:38.329999Z</date>
  <millis>1723790978329</millis>
  <nanos>999000</nanos>
  <sequence>152</sequence>
  <level>END</level>
  <class>com.kms.katalon.core.logging.XmlKeywordLogger</class>
  <method>endKeyword</method>
  <thread>1</thread>
  <message>End action : web = getElementPropertyValue(response6, &amp;quot;webUrl&amp;quot;)</message>
  <nestedLevel>1</nestedLevel>
  <escapedJava>false</escapedJava>
</record>
<record>
  <date>2024-08-16T06:49:38.329999Z</date>
  <millis>1723790978329</millis>
  <nanos>999000</nanos>
  <sequence>153</sequence>
  <level>START</level>
  <class>com.kms.katalon.core.logging.XmlKeywordLogger</class>
  <method>startKeyword</method>
  <thread>1</thread>
  <message>Start action : println(web)</message>
  <nestedLevel>1</nestedLevel>
  <escapedJava>false</escapedJava>
  <property name="startLine">84</property>
  <property name="stepIndex">48</property>
</record>
<record>
  <date>2024-08-16T06:49:38.330955900Z</date>
  <millis>1723790978330</millis>
  <nanos>955900</nanos>
  <sequence>154</sequence>
  <level>END</level>
  <class>com.kms.katalon.core.logging.XmlKeywordLogger</class>
  <method>endKeyword</method>
  <thread>1</thread>
  <message>End action : println(web)</message>
  <nestedLevel>1</nestedLevel>
  <escapedJava>false</escapedJava>
</record>
<record>
  <date>2024-08-16T06:49:38.331998600Z</date>
  <millis>1723790978331</millis>
  <nanos>998600</nanos>
  <sequence>155</sequence>
  <level>START</level>
  <class>com.kms.katalon.core.logging.XmlKeywordLogger</class>
  <method>startKeyword</method>
  <thread>1</thread>
  <message>Start action : openBrowser(web)</message>
  <nestedLevel>1</nestedLevel>
  <escapedJava>false</escapedJava>
  <property name="startLine">85</property>
  <property name="stepIndex">49</property>
</record>
<record>
  <date>2024-08-16T06:49:38.561119100Z</date>
  <millis>1723790978561</millis>
  <nanos>119100</nanos>
  <sequence>157</sequence>
  <level>INFO</level>
  <class>com.kms.katalon.core.logging.XmlKeywordLogger</class>
  <method>logMessage</method>
  <thread>1</thread>
  <message>Starting &amp;apos;Chrome&amp;apos; driver</message>
  <nestedLevel>1</nestedLevel>
  <escapedJava>false</escapedJava>
</record>
<record>
  <date>2024-08-16T06:49:38.599102100Z</date>
  <millis>1723790978599</millis>
  <nanos>102100</nanos>
  <sequence>159</sequence>
  <level>INFO</level>
  <class>com.kms.katalon.core.logging.XmlKeywordLogger</class>
  <method>logMessage</method>
  <thread>1</thread>
  <message>Action delay is set to 0 milliseconds</message>
  <nestedLevel>1</nestedLevel>
  <escapedJava>false</escapedJava>
</record>
<record>
  <date>2024-08-16T06:49:39.988479600Z</date>
  <millis>1723790979988</millis>
  <nanos>479600</nanos>
  <sequence>161</sequence>
  <level>RUN_DATA</level>
  <class>com.kms.katalon.core.logging.XmlKeywordLogger</class>
  <method>logMessage</method>
  <thread>1</thread>
  <message>sessionId = 650e6b571f6e76ba09513fd41aaa28ac</message>
  <nestedLevel>1</nestedLevel>
  <escapedJava>false</escapedJava>
  <property name="sessionId">650e6b571f6e76ba09513fd41aaa28ac</property>
</record>
<record>
  <date>2024-08-16T06:49:40.014483100Z</date>
  <millis>1723790980014</millis>
  <nanos>483100</nanos>
  <sequence>162</sequence>
  <level>RUN_DATA</level>
  <class>com.kms.katalon.core.logging.XmlKeywordLogger</class>
  <method>logMessage</method>
  <thread>1</thread>
  <message>browser = Chrome 127.0.0.0</message>
  <nestedLevel>1</nestedLevel>
  <escapedJava>false</escapedJava>
  <property name="browser">Chrome 127.0.0.0</property>
</record>
<record>
  <date>2024-08-16T06:49:40.014483100Z</date>
  <millis>1723790980014</millis>
  <nanos>483100</nanos>
  <sequence>163</sequence>
  <level>RUN_DATA</level>
  <class>com.kms.katalon.core.logging.XmlKeywordLogger</class>
  <method>logMessage</method>
  <thread>1</thread>
  <message>platform = Windows 10</message>
  <nestedLevel>1</nestedLevel>
  <escapedJava>false</escapedJava>
  <property name="platform">Windows 10</property>
</record>
<record>
  <date>2024-08-16T06:49:40.014483100Z</date>
  <millis>1723790980014</millis>
  <nanos>483100</nanos>
  <sequence>164</sequence>
  <level>RUN_DATA</level>
  <class>com.kms.katalon.core.logging.XmlKeywordLogger</class>
  <method>logMessage</method>
  <thread>1</thread>
  <message>seleniumVersion = 3.141.59</message>
  <nestedLevel>1</nestedLevel>
  <escapedJava>false</escapedJava>
  <property name="seleniumVersion">3.141.59</property>
</record>
<record>
  <date>2024-08-16T06:49:40.016482400Z</date>
  <millis>1723790980016</millis>
  <nanos>482400</nanos>
  <sequence>165</sequence>
  <level>RUN_DATA</level>
  <class>com.kms.katalon.core.logging.XmlKeywordLogger</class>
  <method>logMessage</method>
  <thread>1</thread>
  <message>proxyInformation = ProxyInformation { proxyOption=NO_PROXY, proxyServerType=HTTP, username=, password=********, proxyServerAddress=, proxyServerPort=0, executionList=&amp;quot;&amp;quot;, isApplyToDesiredCapabilities=true }</message>
  <nestedLevel>1</nestedLevel>
  <escapedJava>false</escapedJava>
  <property name="proxyInformation">ProxyInformation { proxyOption=NO_PROXY, proxyServerType=HTTP, username=, password=********, proxyServerAddress=, proxyServerPort=0, executionList=&quot;&quot;, isApplyToDesiredCapabilities=true }</property>
</record>
<record>
  <date>2024-08-16T06:49:41.515507400Z</date>
  <millis>1723790981515</millis>
  <nanos>507400</nanos>
  <sequence>167</sequence>
  <level>PASSED</level>
  <class>com.kms.katalon.core.logging.XmlKeywordLogger</class>
  <method>logMessage</method>
  <thread>1</thread>
  <message>Browser is opened with url: &amp;apos;https://boost.web.apac-1.jumio.ai/web/v4/app?authorizationToken=eyJhbGciOiJIUzUxMiIsInppcCI6IkdaSVAifQ.H4sIAAAAAAAA_5XOQQ5CMQgE0Lt0LUmhUFp3Lt16A9rCCUw0Md7d_n8Dl8y8TPgkf9-e6ZpQqWhHqVqKpEuyOe9r5716JsMFxkOB3RGakoMsjSg2h6Mf_MSNex6VCozcA9gywcC5QEpdex9LLN74Ff4Pnw-PrSkT54YVmTspCu8_qB39OVZ1GHU2sJAFTNpgyD5HjxmtivBq6fsDLAoKtPAAAAA.JuZlbTgYvVjb3mNbmogu9ibzFPre8G9oFrIBsByoMVRTGPyQPA-D9sO-UFdtwvvzZY3jzJcMesBvlXpdWd0zHg&amp;amp;locale=en&amp;apos;</message>
  <nestedLevel>1</nestedLevel>
  <escapedJava>false</escapedJava>
  <property name="testops-method-name">com.kms.katalon.core.webui.keyword.builtin.OpenBrowserKeyword.openBrowser</property>
  <property name="testops-execution-stacktrace"></property>
</record>
<record>
  <date>2024-08-16T06:49:41.518504600Z</date>
  <millis>1723790981518</millis>
  <nanos>504600</nanos>
  <sequence>168</sequence>
  <level>END</level>
  <class>com.kms.katalon.core.logging.XmlKeywordLogger</class>
  <method>endKeyword</method>
  <thread>1</thread>
  <message>End action : openBrowser(web)</message>
  <nestedLevel>1</nestedLevel>
  <escapedJava>false</escapedJava>
</record>
<record>
  <date>2024-08-16T06:49:41.518504600Z</date>
  <millis>1723790981518</millis>
  <nanos>504600</nanos>
  <sequence>169</sequence>
  <level>START</level>
  <class>com.kms.katalon.core.logging.XmlKeywordLogger</class>
  <method>startKeyword</method>
  <thread>1</thread>
  <message>Start action : click(findTestObject(&amp;quot;Object Repository/WebUI/Page_Netverify - Start verification(fully)/button_Start&amp;quot;))</message>
  <nestedLevel>1</nestedLevel>
  <escapedJava>false</escapedJava>
  <property name="startLine">86</property>
  <property name="stepIndex">50</property>
</record>
<record>
  <date>2024-08-16T06:49:42.299066200Z</date>
  <millis>1723790982299</millis>
  <nanos>66200</nanos>
  <sequence>179</sequence>
  <level>PASSED</level>
  <class>com.kms.katalon.core.logging.XmlKeywordLogger</class>
  <method>logMessage</method>
  <thread>1</thread>
  <message>Object: &amp;apos;Object Repository/WebUI/Page_Netverify - Start verification(fully)/button_Start&amp;apos; is clicked on</message>
  <nestedLevel>1</nestedLevel>
  <escapedJava>false</escapedJava>
  <property name="testops-method-name">com.kms.katalon.core.webui.keyword.builtin.ClickKeyword.click</property>
  <property name="testops-execution-stacktrace"></property>
</record>
<record>
  <date>2024-08-16T06:49:42.301081800Z</date>
  <millis>1723790982301</millis>
  <nanos>81800</nanos>
  <sequence>180</sequence>
  <level>END</level>
  <class>com.kms.katalon.core.logging.XmlKeywordLogger</class>
  <method>endKeyword</method>
  <thread>1</thread>
  <message>End action : click(findTestObject(&amp;quot;Object Repository/WebUI/Page_Netverify - Start verification(fully)/button_Start&amp;quot;))</message>
  <nestedLevel>1</nestedLevel>
  <escapedJava>false</escapedJava>
</record>
<record>
  <date>2024-08-16T06:49:42.302069300Z</date>
  <millis>1723790982302</millis>
  <nanos>69300</nanos>
  <sequence>181</sequence>
  <level>START</level>
  <class>com.kms.katalon.core.logging.XmlKeywordLogger</class>
  <method>startKeyword</method>
  <thread>1</thread>
  <message>Start action : click(findTestObject(&amp;quot;Object Repository/WebUI/Page_Netverify - Choose an upload method(fully)/button_Continue on mobile&amp;quot;))</message>
  <nestedLevel>1</nestedLevel>
  <escapedJava>false</escapedJava>
  <property name="startLine">87</property>
  <property name="stepIndex">51</property>
</record>
<record>
  <date>2024-08-16T06:49:43.547116200Z</date>
  <millis>1723790983547</millis>
  <nanos>116200</nanos>
  <sequence>191</sequence>
  <level>PASSED</level>
  <class>com.kms.katalon.core.logging.XmlKeywordLogger</class>
  <method>logMessage</method>
  <thread>1</thread>
  <message>Object: &amp;apos;Object Repository/WebUI/Page_Netverify - Choose an upload method(fully)/button_Continue on mobile&amp;apos; is clicked on</message>
  <nestedLevel>1</nestedLevel>
  <escapedJava>false</escapedJava>
  <property name="testops-method-name">com.kms.katalon.core.webui.keyword.builtin.ClickKeyword.click</property>
  <property name="testops-execution-stacktrace"></property>
</record>
<record>
  <date>2024-08-16T06:49:43.549113200Z</date>
  <millis>1723790983549</millis>
  <nanos>113200</nanos>
  <sequence>192</sequence>
  <level>END</level>
  <class>com.kms.katalon.core.logging.XmlKeywordLogger</class>
  <method>endKeyword</method>
  <thread>1</thread>
  <message>End action : click(findTestObject(&amp;quot;Object Repository/WebUI/Page_Netverify - Choose an upload method(fully)/button_Continue on mobile&amp;quot;))</message>
  <nestedLevel>1</nestedLevel>
  <escapedJava>false</escapedJava>
</record>
<record>
  <date>2024-08-16T06:49:43.549113200Z</date>
  <millis>1723790983549</millis>
  <nanos>113200</nanos>
  <sequence>193</sequence>
  <level>START</level>
  <class>com.kms.katalon.core.logging.XmlKeywordLogger</class>
  <method>startKeyword</method>
  <thread>1</thread>
  <message>Start action : delay(120)</message>
  <nestedLevel>1</nestedLevel>
  <escapedJava>false</escapedJava>
  <property name="startLine">88</property>
  <property name="stepIndex">52</property>
</record>
